<?xml version="1.0" encoding="UTF-8"?>
<!-- Generated by org.testng.reporters.JUnitXMLReporter -->
<testsuite hostname="hp-11" ignored="0" name="001ValidarCamposFindFlight" tests="2" failures="0" timestamp="16 nov 2017 18:48:46 GMT" time="20.398" errors="0">
  <testcase name="login" time="8.266" classname="test.reservarvuelo.cp001ValidarCamposFindFlight"/>
  <testcase name="ValidarCamposFindFlight" time="3.558" classname="test.reservarvuelo.cp001ValidarCamposFindFlight"/>
</testsuite> <!-- 001ValidarCamposFindFlight -->
