<?xml version="1.0" encoding="UTF-8"?>
<!-- Generated by org.testng.reporters.JUnitXMLReporter -->
<testsuite hostname="hp-11" ignored="0" name="002ValidarCamposSelectFlight" tests="2" failures="0" timestamp="09 nov 2017 02:59:31 GMT" time="14.285" errors="0">
  <testcase name="login" time="5.029" classname="test.reservarvuelo.cp002ValidarCamposSelectFlight"/>
  <testcase name="ValidarCamposSelectFlight" time="3.689" classname="test.reservarvuelo.cp002ValidarCamposSelectFlight"/>
</testsuite> <!-- 002ValidarCamposSelectFlight -->
