<?xml version="1.0" encoding="UTF-8"?>
<!-- Generated by org.testng.reporters.JUnitXMLReporter -->
<testsuite hostname="hp-11" ignored="0" name="002ValidarCamposSelectFlight" tests="2" failures="0" timestamp="09 nov 2017 04:38:35 GMT" time="14.401" errors="0">
  <testcase name="login" time="5.228" classname="test.reservarvuelo.cp002ValidarCamposSelectFlight"/>
  <testcase name="ValidarCamposSelectFlight" time="3.853" classname="test.reservarvuelo.cp002ValidarCamposSelectFlight"/>
</testsuite> <!-- 002ValidarCamposSelectFlight -->
