<?xml version="1.0" encoding="UTF-8"?>
<!-- Generated by org.testng.reporters.JUnitXMLReporter -->
<testsuite hostname="hp-11" ignored="0" name="003ValidarCamposBookFlight" tests="2" failures="0" timestamp="17 nov 2017 20:50:57 GMT" time="18.638" errors="0">
  <testcase name="login" time="5.282" classname="test.reservarvuelo.cp003ValidarCamposBookFlight"/>
  <testcase name="ValidarCamposBookFlight" time="8.41" classname="test.reservarvuelo.cp003ValidarCamposBookFlight"/>
</testsuite> <!-- 003ValidarCamposBookFlight -->
