<?xml version="1.0" encoding="UTF-8"?>
<!-- Generated by org.testng.reporters.JUnitXMLReporter -->
<testsuite hostname="hp-11" ignored="0" name="003ValidarCamposBookFlight" tests="2" failures="0" timestamp="09 nov 2017 02:59:50 GMT" time="18.624" errors="0">
  <testcase name="login" time="4.862" classname="test.reservarvuelo.cp003ValidarCamposBookFlight"/>
  <testcase name="ValidarCamposBookFlight" time="8.674" classname="test.reservarvuelo.cp003ValidarCamposBookFlight"/>
</testsuite> <!-- 003ValidarCamposBookFlight -->
