<?xml version="1.0" encoding="UTF-8"?>
<!-- Generated by org.testng.reporters.JUnitXMLReporter -->
<testsuite hostname="hp-11" ignored="0" name="004ValidarCamposConfirmationFlight" tests="2" failures="0" timestamp="09 nov 2017 04:39:12 GMT" time="16.221" errors="0">
  <testcase name="login" time="5.137" classname="test.reservarvuelo.cp004ValidarCamposConfirmationFlight"/>
  <testcase name="ValidarCamposConfirmationFlight" time="5.232" classname="test.reservarvuelo.cp004ValidarCamposConfirmationFlight"/>
</testsuite> <!-- 004ValidarCamposConfirmationFlight -->
