<?xml version="1.0" encoding="UTF-8"?>
<!-- Generated by org.testng.reporters.JUnitXMLReporter -->
<testsuite hostname="hp-11" ignored="0" name="005ReservarVueloCorrecto" tests="5" failures="0" timestamp="17 nov 2017 17:47:24 GMT" time="47.48" errors="0">
  <testcase name="login" time="5.086" classname="test.reservarvuelo.cp005ReservarVuelo"/>
  <testcase name="diligenciarFindFlight" time="8.823" classname="test.reservarvuelo.cp005ReservarVuelo"/>
  <testcase name="diligenciarSelectFlight" time="2.85" classname="test.reservarvuelo.cp005ReservarVuelo"/>
  <testcase name="diligenciarBookFlight" time="24.074" classname="test.reservarvuelo.cp005ReservarVuelo"/>
  <testcase name="verificarConfirmationFlight" time="1.567" classname="test.reservarvuelo.cp005ReservarVuelo"/>
</testsuite> <!-- 005ReservarVueloCorrecto -->
