<?xml version="1.0" encoding="UTF-8"?>
<!-- Generated by org.testng.reporters.JUnitXMLReporter -->
<testsuite hostname="hp-11" ignored="0" name="005ReservarVueloCorrecto" tests="5" failures="0" timestamp="17 nov 2017 20:52:01 GMT" time="48.212" errors="0">
  <testcase name="login" time="5.281" classname="test.reservarvuelo.cp005ReservarVuelo"/>
  <testcase name="diligenciarFindFlight" time="8.758" classname="test.reservarvuelo.cp005ReservarVuelo"/>
  <testcase name="diligenciarSelectFlight" time="2.793" classname="test.reservarvuelo.cp005ReservarVuelo"/>
  <testcase name="diligenciarBookFlight" time="24.396" classname="test.reservarvuelo.cp005ReservarVuelo"/>
  <testcase name="verificarConfirmationFlight" time="1.789" classname="test.reservarvuelo.cp005ReservarVuelo"/>
</testsuite> <!-- 005ReservarVueloCorrecto -->
