<?xml version="1.0" encoding="UTF-8"?>
<!-- Generated by org.testng.reporters.JUnitXMLReporter -->
<testsuite hostname="hp-11" ignored="0" name="006ReservarVueloCruisesCorrecto" tests="6" failures="0" timestamp="17 nov 2017 17:48:15 GMT" time="50.747" errors="0">
  <testcase name="login" time="6.335" classname="test.reservarvuelo.cp006ReservarVueloCruises"/>
  <testcase name="ingresarPorCruises" time="2.568" classname="test.reservarvuelo.cp006ReservarVueloCruises"/>
  <testcase name="diligenciarFindFlight" time="8.44" classname="test.reservarvuelo.cp006ReservarVueloCruises"/>
  <testcase name="diligenciarSelectFlight" time="2.86" classname="test.reservarvuelo.cp006ReservarVueloCruises"/>
  <testcase name="diligenciarBookFlight" time="23.657" classname="test.reservarvuelo.cp006ReservarVueloCruises"/>
  <testcase name="verificarConfirmationFlight" time="1.621" classname="test.reservarvuelo.cp006ReservarVueloCruises"/>
</testsuite> <!-- 006ReservarVueloCruisesCorrecto -->
