<?xml version="1.0" encoding="UTF-8"?>
<!-- Generated by org.testng.reporters.JUnitXMLReporter -->
<testsuite hostname="hp-11" ignored="0" name="007ReservarVueloMultiplesPasajeros" tests="2" failures="0" timestamp="17 nov 2017 17:49:14 GMT" time="58.671" errors="0">
  <testcase name="login" time="6.231" classname="test.reservarvuelo.cp007ReservarVueloMultiplesPasajeros"/>
  <testcase name="diligenciarPaginasRestantes" time="47.053" classname="test.reservarvuelo.cp007ReservarVueloMultiplesPasajeros"/>
</testsuite> <!-- 007ReservarVueloMultiplesPasajeros -->
