<?xml version="1.0" encoding="UTF-8"?>
<!-- Generated by org.testng.reporters.JUnitXMLReporter -->
<testsuite hostname="hp-11" ignored="0" name="007ReservarVueloMultiplesPasajeros" tests="2" failures="0" timestamp="16 nov 2017 18:52:16 GMT" time="56.55" errors="0">
  <testcase name="login" time="5.035" classname="test.reservarvuelo.cp007ReservarVueloMultiplesPasajeros"/>
  <testcase name="diligenciarPaginasRestantes" time="46.472" classname="test.reservarvuelo.cp007ReservarVueloMultiplesPasajeros"/>
</testsuite> <!-- 007ReservarVueloMultiplesPasajeros -->
