<?xml version="1.0" encoding="UTF-8"?>
<!-- Generated by org.testng.reporters.JUnitXMLReporter -->
<testsuite hostname="hp-11" ignored="0" name="Default test" tests="2" failures="0" timestamp="16 nov 2017 18:43:42 GMT" time="69.776" errors="0">
  <testcase name="login" time="12.514" classname="test.reservarvuelo.cp007ReservarVueloMultiplesPasajeros"/>
  <testcase name="diligenciarFindFlight" time="48.392" classname="test.reservarvuelo.cp007ReservarVueloMultiplesPasajeros"/>
</testsuite> <!-- Default test -->
