<?xml version="1.0" encoding="UTF-8"?>
<testng-results skipped="0" failed="0" ignored="0" total="2" passed="2">
  <reporter-output>
  </reporter-output>
  <suite name="Default suite" duration-ms="69776" started-at="2017-11-16T18:42:32Z" finished-at="2017-11-16T18:43:42Z">
    <groups>
    </groups>
    <test name="Default test" duration-ms="69776" started-at="2017-11-16T18:42:32Z" finished-at="2017-11-16T18:43:42Z">
      <class name="test.reservarvuelo.cp007ReservarVueloMultiplesPasajeros">
        <test-method status="PASS" signature="initializeTestBaseSetup()[pri:0, instance:test.reservarvuelo.cp007ReservarVueloMultiplesPasajeros@7cd62f43]" name="initializeTestBaseSetup" is-config="true" duration-ms="8575" started-at="2017-11-16T13:42:32Z" finished-at="2017-11-16T13:42:41Z">
          <reporter-output>
          </reporter-output>
        </test-method> <!-- initializeTestBaseSetup -->
        <test-method status="PASS" signature="login()[pri:0, instance:test.reservarvuelo.cp007ReservarVueloMultiplesPasajeros@7cd62f43]" name="login" duration-ms="12514" started-at="2017-11-16T13:42:41Z" finished-at="2017-11-16T13:42:53Z">
          <reporter-output>
          </reporter-output>
        </test-method> <!-- login -->
        <test-method status="PASS" signature="diligenciarFindFlight()[pri:1, instance:test.reservarvuelo.cp007ReservarVueloMultiplesPasajeros@7cd62f43]" name="diligenciarFindFlight" duration-ms="48392" started-at="2017-11-16T13:42:53Z" depends-on-methods="test.reservarvuelo.cp007ReservarVueloMultiplesPasajeros.login" finished-at="2017-11-16T13:43:42Z">
          <reporter-output>
          </reporter-output>
        </test-method> <!-- diligenciarFindFlight -->
        <test-method status="PASS" signature="tearDown()[pri:0, instance:test.reservarvuelo.cp007ReservarVueloMultiplesPasajeros@7cd62f43]" name="tearDown" is-config="true" duration-ms="158" started-at="2017-11-16T13:43:42Z" finished-at="2017-11-16T13:43:42Z">
          <reporter-output>
          </reporter-output>
        </test-method> <!-- tearDown -->
      </class> <!-- test.reservarvuelo.cp007ReservarVueloMultiplesPasajeros -->
    </test> <!-- Default test -->
  </suite> <!-- Default suite -->
</testng-results>
