<?xml version="1.0" encoding="UTF-8"?>
<!-- Generated by org.testng.reporters.JUnitXMLReporter -->
<testsuite hostname="hp-11" ignored="0" name="001Validar" tests="4" failures="0" timestamp="17 nov 2017 17:44:43 GMT" time="17.101" errors="0">
  <testcase name="ingresarRegistrar" time="4.393" classname="test.registrousuario.cp001ValidarCamposRegister"/>
  <testcase name="validarCamposContact" time="1.298" classname="test.registrousuario.cp001ValidarCamposRegister"/>
  <testcase name="validarCamposMailing" time="1.511" classname="test.registrousuario.cp001ValidarCamposRegister"/>
  <testcase name="validarCamposUser" time="0.803" classname="test.registrousuario.cp001ValidarCamposRegister"/>
</testsuite> <!-- 001Validar -->
