<?xml version="1.0" encoding="UTF-8"?>
<!-- Generated by org.testng.reporters.JUnitXMLReporter -->
<testsuite hostname="hp-11" ignored="0" name="001Validar" tests="4" failures="0" timestamp="16 nov 2017 20:49:11 GMT" time="16.813" errors="0">
  <testcase name="ingresarRegistrar" time="4.503" classname="test.registrousuario.cp001ValidarCamposRegister"/>
  <testcase name="validarCamposContact" time="1.329" classname="test.registrousuario.cp001ValidarCamposRegister"/>
  <testcase name="validarCamposMailing" time="1.53" classname="test.registrousuario.cp001ValidarCamposRegister"/>
  <testcase name="validarCamposUser" time="0.85" classname="test.registrousuario.cp001ValidarCamposRegister"/>
</testsuite> <!-- 001Validar -->
